-------------------------------------------------------------------------------
Test set: com.cryomate.Job2DClassificationTests
-------------------------------------------------------------------------------
Tests run: 2, Failures: 0, Errors: 2, Skipped: 0, Time elapsed: 0.016 s <<< FAILURE! - in com.cryomate.Job2DClassificationTests
testRunCommand(com.cryomate.Job2DClassificationTests)  Time elapsed: 0 s  <<< ERROR!
org.springframework.beans.factory.UnsatisfiedDependencyException: Error creating bean with name 'com.cryomate.Job2DClassificationTests': Unsatisfied dependency expressed through field 'port'; nested exception is org.springframework.beans.TypeMismatchException: Failed to convert value of type 'java.lang.String' to required type 'int'; nested exception is java.lang.NumberFormatException: For input string: "${local.server.port}"
Caused by: org.springframework.beans.TypeMismatchException: Failed to convert value of type 'java.lang.String' to required type 'int'; nested exception is java.lang.NumberFormatException: For input string: "${local.server.port}"
Caused by: java.lang.NumberFormatException: For input string: "${local.server.port}"

testInsertNew2DJob(com.cryomate.Job2DClassificationTests)  Time elapsed: 0.001 s  <<< ERROR!
org.springframework.beans.factory.UnsatisfiedDependencyException: Error creating bean with name 'com.cryomate.Job2DClassificationTests': Unsatisfied dependency expressed through field 'port'; nested exception is org.springframework.beans.TypeMismatchException: Failed to convert value of type 'java.lang.String' to required type 'int'; nested exception is java.lang.NumberFormatException: For input string: "${local.server.port}"
Caused by: org.springframework.beans.TypeMismatchException: Failed to convert value of type 'java.lang.String' to required type 'int'; nested exception is java.lang.NumberFormatException: For input string: "${local.server.port}"
Caused by: java.lang.NumberFormatException: For input string: "${local.server.port}"

